2021-11-23T13:33:52.806Z [error] error undefined undefined undefined
2021-11-23T13:34:01.544Z [error] error undefined undefined undefined
2021-11-23T13:36:59.367Z [info] info POST {
  "nome": "test",
  "cpf": "test",
  "phone": "test",
  "email": "test",
  "address": "test"
}
2021-11-23T13:38:42.342Z [info] info POST {
  "nome": "test",
  "cpf": "test",
  "phone": "test",
  "email": "test",
  "address": "test"
}
2021-11-23T13:38:47.270Z [info] info POST {
  "nome": "test",
  "cpf": "test",
  "phone": "test",
  "email": "test",
  "addsress": "test"
}
2021-11-23T13:41:55.391Z [info] info POST {
  "nome": "test",
  "cpf": "test",
  "phone": "test",
  "email": "test",
  "address": "test"
}
2021-11-24T13:19:40.493Z [info] info POST {
  "nome": "test",
  "cpf": "test",
  "phone": "test",
  "email": "test",
  "address": "test"
}
2021-11-24T13:20:14.744Z [info] info POST {
  "nome": "test",
  "cpf": "test",
  "phone": "test",
  "email": "test",
  "address": "test"
}
2021-11-24T13:22:16.152Z [info] info POST {
  "nome": "test",
  "cpf": "test",
  "phone": "test",
  "email": "test",
  "address": "test"
}
2021-11-24T13:22:33.659Z [info] info POST {
  "nome": "test",
  "cpf": "test",
  "phone": "test",
  "email": "test",
  "address": "test"
}
2021-11-24T13:23:25.506Z [info] info POST {
  "nome": "test",
  "cpf": "test",
  "phone": "test",
  "email": "test",
  "address": "test"
}
2021-11-24T13:23:53.290Z [info] info POST {
  "nome": "test",
  "cpf": "test",
  "phone": "test",
  "email": "test",
  "address": "test"
}
2021-11-24T13:28:57.975Z [info] info POST {
  "nome": "test",
  "cpf": "test",
  "phone": "test",
  "email": "test",
  "address": "test"
}
2021-11-24T13:32:45.903Z [info] info POST {
  "nome": "josue",
  "cpf": "6814684",
  "phone": "516846148",
  "email": "josue@gmail.com",
  "address": "rua x"
}
2021-11-24T13:47:35.471Z [error] error undefined undefined undefined
2021-11-24T13:52:41.441Z [error] error undefined undefined undefined
2021-11-24T13:53:55.432Z [info] info GET /client
2021-11-24T16:39:11.649Z [info] info GET /client
2021-11-24T16:39:22.456Z [info] info GET /client
2021-11-24T16:41:37.337Z [info] info GET /client
2021-11-24T16:41:42.473Z [info] info GET /client
2021-11-24T16:53:30.241Z [error] error undefined undefined undefined
2021-11-24T16:54:56.929Z [info] info GET /client
2021-11-24T16:55:12.989Z [info] info GET /client
2021-11-24T16:56:27.354Z [info] info GET /client
2021-11-24T16:56:32.140Z [info] info GET /client
2021-11-24T17:13:09.846Z [info] info UPDATE {
  "client_id": 3,
  "nome": "josue",
  "cpf": "121f1312313",
  "phone": "a3232323",
  "email": "josue@gmail.com",
  "address": "rua xasdasd"
}
2021-11-24T17:13:17.423Z [info] info GET /client
2021-11-24T17:13:39.676Z [info] info UPDATE {
  "client_id": 4,
  "nome": "josue",
  "cpf": "121f1312313",
  "phone": "a3232323",
  "email": "josue@gmail.com",
  "address": "rua xasdasd"
}
2021-11-24T17:13:44.387Z [info] info GET /client
2021-11-24T17:37:34.196Z [info] info GET /supplier
2021-11-24T17:38:40.548Z [info] info POST {
  "nome": "josue",
  "cnpj": "121f1312313",
  "phone": "a3232323",
  "email": "josue@gmail.com",
  "address": "rua xasdasd"
}
2021-11-25T13:00:11.433Z [info] info GET /product
2021-11-25T13:08:24.908Z [info] info GET /supplier
2021-11-25T13:33:45.068Z [info] info POST {
  "name": "josue",
  "description": "121f1312313",
  "value": "2323",
  "stock": "12",
  "suplier_id": "1"
}
2021-11-25T13:35:05.789Z [info] info GET /product
2021-11-25T13:35:23.158Z [info] info POST {
  "name": "arrzo",
  "description": "121f1312313",
  "value": "2323",
  "stock": "12",
  "suplier_id": "1"
}
2021-11-25T13:35:27.011Z [info] info GET /product
2021-11-25T13:41:18.185Z [info] info GET /product
2021-11-25T13:41:21.720Z [info] info POST {
  "name": "arrzo",
  "description": "121f1312313",
  "value": 2323,
  "stock": 12,
  "suplier_id": 1
}
2021-11-25T13:53:12.756Z [info] info POST {
  "name": "arrzo",
  "description": "121f1312313",
  "value": 2323,
  "stock": 12,
  "suplier_id": 1
}
2021-11-25T17:14:16.375Z [info] info GET /sale
2021-11-25T17:15:19.581Z [info] info GET /product
2021-11-25T17:16:57.923Z [info] info GET /client
2021-11-25T17:17:08.766Z [info] info POST {
  "value": 56,
  "date": "12/12/2020",
  "client_id": 4,
  "product_id": 1
}
2021-11-25T17:17:16.435Z [info] info GET /sale
2021-11-25T18:33:04.346Z [info] info GET /product
2021-11-25T18:36:19.943Z [info] info POST {
  "value": 56,
  "date": "12/12/2020",
  "client_id": 4,
  "product_id": 1
}
2021-11-25T18:50:06.285Z [info] info GET /sale
2021-11-25T18:50:38.204Z [info] info GET /sale
2021-11-25T19:15:48.525Z [info] info GET /sale
2021-11-25T19:27:44.886Z [info] info GET /sale
2021-11-26T18:30:57.472Z [info] info GET /client
2021-11-26T18:33:18.718Z [info] info GET /client
2021-11-26T18:40:39.460Z [info] info POST {
  "name": "lucas maciel",
  "cpf": "1212",
  "phone": "3444444",
  "email": "josuelucarl@gmail.com",
  "address": "rua xandao"
}
2021-11-26T18:40:48.574Z [info] info GET /client
2021-11-26T18:43:41.608Z [info] info UPDATE {
  "clientId": 11,
  "name": "aluizio",
  "cpf": "5",
  "phone": "1",
  "email": "josuelucarl@gmail.com",
  "address": "rua xandao"
}
2021-11-26T18:43:46.313Z [info] info GET /client
