2021-11-23T13:33:52.806Z [error] error undefined undefined undefined
2021-11-23T13:34:01.544Z [error] error undefined undefined undefined
2021-11-23T13:36:59.367Z [info] info POST {
  "nome": "test",
  "cpf": "test",
  "phone": "test",
  "email": "test",
  "address": "test"
}
2021-11-23T13:38:42.342Z [info] info POST {
  "nome": "test",
  "cpf": "test",
  "phone": "test",
  "email": "test",
  "address": "test"
}
2021-11-23T13:38:47.270Z [info] info POST {
  "nome": "test",
  "cpf": "test",
  "phone": "test",
  "email": "test",
  "addsress": "test"
}
2021-11-23T13:41:55.391Z [info] info POST {
  "nome": "test",
  "cpf": "test",
  "phone": "test",
  "email": "test",
  "address": "test"
}
2021-11-24T13:19:40.493Z [info] info POST {
  "nome": "test",
  "cpf": "test",
  "phone": "test",
  "email": "test",
  "address": "test"
}
2021-11-24T13:20:14.744Z [info] info POST {
  "nome": "test",
  "cpf": "test",
  "phone": "test",
  "email": "test",
  "address": "test"
}
2021-11-24T13:22:16.152Z [info] info POST {
  "nome": "test",
  "cpf": "test",
  "phone": "test",
  "email": "test",
  "address": "test"
}
2021-11-24T13:22:33.659Z [info] info POST {
  "nome": "test",
  "cpf": "test",
  "phone": "test",
  "email": "test",
  "address": "test"
}
2021-11-24T13:23:25.506Z [info] info POST {
  "nome": "test",
  "cpf": "test",
  "phone": "test",
  "email": "test",
  "address": "test"
}
2021-11-24T13:23:53.290Z [info] info POST {
  "nome": "test",
  "cpf": "test",
  "phone": "test",
  "email": "test",
  "address": "test"
}
2021-11-24T13:28:57.975Z [info] info POST {
  "nome": "test",
  "cpf": "test",
  "phone": "test",
  "email": "test",
  "address": "test"
}
2021-11-24T13:32:45.903Z [info] info POST {
  "nome": "josue",
  "cpf": "6814684",
  "phone": "516846148",
  "email": "josue@gmail.com",
  "address": "rua x"
}
2021-11-24T13:47:35.471Z [error] error undefined undefined undefined
2021-11-24T13:52:41.441Z [error] error undefined undefined undefined
2021-11-24T13:53:55.432Z [info] info GET /client
2021-11-24T16:39:11.649Z [info] info GET /client
2021-11-24T16:39:22.456Z [info] info GET /client
2021-11-24T16:41:37.337Z [info] info GET /client
2021-11-24T16:41:42.473Z [info] info GET /client
2021-11-24T16:53:30.241Z [error] error undefined undefined undefined
2021-11-24T16:54:56.929Z [info] info GET /client
2021-11-24T16:55:12.989Z [info] info GET /client
2021-11-24T16:56:27.354Z [info] info GET /client
2021-11-24T16:56:32.140Z [info] info GET /client
2021-11-24T17:13:09.846Z [info] info UPDATE {
  "client_id": 3,
  "nome": "josue",
  "cpf": "121f1312313",
  "phone": "a3232323",
  "email": "josue@gmail.com",
  "address": "rua xasdasd"
}
2021-11-24T17:13:17.423Z [info] info GET /client
2021-11-24T17:13:39.676Z [info] info UPDATE {
  "client_id": 4,
  "nome": "josue",
  "cpf": "121f1312313",
  "phone": "a3232323",
  "email": "josue@gmail.com",
  "address": "rua xasdasd"
}
2021-11-24T17:13:44.387Z [info] info GET /client
2021-11-24T17:37:34.196Z [info] info GET /supplier
2021-11-24T17:38:40.548Z [info] info POST {
  "nome": "josue",
  "cnpj": "121f1312313",
  "phone": "a3232323",
  "email": "josue@gmail.com",
  "address": "rua xasdasd"
}
